2025-11-30 13:01:22,271 - Detected: UFC-Canned-Mushroom | Confidence: 95.52%
2025-11-30 13:01:24,487 - Detected: UFC-Canned-Mushroom | Confidence: 94.48%
2025-11-30 13:01:26,704 - Detected: UFC-Canned-Mushroom | Confidence: 94.37%
2025-11-30 13:01:28,954 - Detected: UFC-Canned-Mushroom | Confidence: 94.37%
2025-11-30 13:01:31,226 - Detected: UFC-Canned-Mushroom | Confidence: 95.42%
2025-11-30 13:01:33,450 - Detected: UFC-Canned-Mushroom | Confidence: 94.20%
2025-11-30 13:01:35,689 - Detected: UFC-Canned-Mushroom | Confidence: 95.42%
2025-11-30 13:01:50,442 - Detected: UFC-Canned-Mushroom | Confidence: 80.85%
2025-11-30 13:02:04,049 - Detected: Selecta-Cornetto | Confidence: 79.57%
2025-11-30 13:02:06,201 - Detected: UFC-Canned-Mushroom | Confidence: 77.91%
2025-11-30 13:02:06,470 - Detected: Selecta-Cornetto | Confidence: 77.52%
2025-11-30 13:02:08,893 - Detected: Selecta-Cornetto | Confidence: 77.27%
2025-11-30 13:02:18,412 - Detected: Nivea-Deodorant | Confidence: 90.85%
2025-11-30 13:16:33,427 - Detected: Nivea-Deodorant | Confidence: 79.64%
2025-11-30 13:16:38,779 - Detected: Nivea-Deodorant | Confidence: 70.20%
2025-11-30 13:16:41,643 - Detected: Nivea-Deodorant | Confidence: 75.82%
2025-11-30 13:16:44,795 - Detected: Nivea-Deodorant | Confidence: 77.56%
2025-11-30 13:16:47,077 - Detected: Nivea-Deodorant | Confidence: 81.78%
2025-11-30 15:18:37,481 - Recording STARTED - Items will be added to order
2025-11-30 15:18:37,921 - Recording STOPPED - Items will not be added
2025-11-30 15:18:40,158 - Recording STARTED - Items will be added to order
2025-11-30 15:18:40,760 - Detected: double-black | Confidence: 76.85%
2025-11-30 15:18:41,940 - Recording STOPPED - Items will not be added
2025-11-30 15:18:48,436 - Recording STARTED - Items will be added to order
2025-11-30 15:18:49,685 - Recording STOPPED - Items will not be added
2025-11-30 15:18:57,070 - Recording STARTED - Items will be added to order
2025-11-30 15:18:57,927 - Recording STOPPED - Items will not be added
2025-11-30 15:19:04,446 - Recording STARTED - Items will be added to order
2025-11-30 15:19:05,207 - Recording STOPPED - Items will not be added
2025-11-30 15:19:05,728 - Recording STARTED - Items will be added to order
2025-11-30 15:19:07,190 - Detected: double-black | Confidence: 73.89%
2025-11-30 15:19:10,522 - Detected: double-black | Confidence: 74.73%
2025-11-30 15:19:17,575 - Detected: double-black | Confidence: 71.74%
2025-11-30 15:19:20,946 - Detected: double-black | Confidence: 74.14%
2025-11-30 15:19:23,325 - Detected: double-black | Confidence: 84.61%
2025-11-30 15:19:27,703 - Recording STOPPED - Items will not be added
2025-11-30 15:20:01,614 - Recording STARTED - Items will be added to order
2025-11-30 15:20:04,338 - Recording STOPPED - Items will not be added
2025-11-30 15:22:18,956 - Recording STARTED - Items will be added to order
2025-11-30 15:22:19,622 - Recording STOPPED - Items will not be added
2025-11-30 15:22:24,136 - Recording STARTED - Items will be added to order
2025-11-30 15:22:24,970 - Recording STOPPED - Items will not be added
2025-11-30 15:22:27,879 - Recording STARTED - Items will be added to order
2025-11-30 15:22:28,663 - Recording STOPPED - Items will not be added
2025-11-30 15:22:31,494 - Recording STARTED - Items will be added to order
2025-11-30 15:22:32,617 - Recording STOPPED - Items will not be added
2025-11-30 15:22:58,224 - Recording STARTED - Items will be added to order
2025-11-30 15:22:59,087 - Recording STOPPED - Items will not be added
2025-11-30 15:23:01,675 - Recording STARTED - Items will be added to order
2025-11-30 15:23:02,408 - Recording STOPPED - Items will not be added
2025-11-30 15:23:04,045 - Recording STARTED - Items will be added to order
2025-11-30 15:23:05,572 - Recording STOPPED - Items will not be added
2025-11-30 15:23:07,534 - Recording STARTED - Items will be added to order
2025-11-30 15:23:09,095 - Recording STOPPED - Items will not be added
2025-11-30 15:23:10,650 - Recording STARTED - Items will be added to order
2025-11-30 15:23:11,479 - Recording STOPPED - Items will not be added
2025-11-30 15:23:13,687 - Recording STARTED - Items will be added to order
2025-11-30 15:23:14,461 - Recording STOPPED - Items will not be added
2025-11-30 15:23:16,378 - Recording STARTED - Items will be added to order
2025-11-30 15:23:17,605 - Recording STOPPED - Items will not be added
2025-11-30 15:23:21,251 - Recording STARTED - Items will be added to order
2025-11-30 15:23:25,588 - Recording STOPPED - Items will not be added
2025-11-30 15:23:27,068 - Recording STARTED - Items will be added to order
2025-11-30 15:23:28,128 - Recording STOPPED - Items will not be added
2025-11-30 15:23:28,956 - Recording STARTED - Items will be added to order
2025-11-30 15:23:29,746 - Recording STOPPED - Items will not be added
2025-11-30 15:23:30,538 - Recording STARTED - Items will be added to order
2025-11-30 15:23:37,622 - Recording STOPPED - Items will not be added
2025-11-30 15:23:39,704 - Recording STARTED - Items will be added to order
2025-11-30 15:23:41,597 - Recording STOPPED - Items will not be added
2025-11-30 15:24:25,663 - Recording STARTED - Items will be added to order
2025-11-30 15:24:26,321 - Recording STOPPED - Items will not be added
2025-11-30 15:24:27,697 - Recording STARTED - Items will be added to order
2025-11-30 15:24:30,799 - Recording STOPPED - Items will not be added
2025-11-30 15:24:31,968 - Recording STARTED - Items will be added to order
2025-11-30 15:24:32,748 - Recording STOPPED - Items will not be added
2025-11-30 15:24:46,368 - Recording STARTED - Items will be added to order
2025-11-30 15:24:47,765 - Recording STOPPED - Items will not be added
2025-11-30 15:24:49,692 - Recording STARTED - Items will be added to order
2025-11-30 15:24:49,851 - Recording STOPPED - Items will not be added
2025-11-30 15:24:50,187 - Recording STARTED - Items will be added to order
2025-11-30 15:24:51,323 - Recording STOPPED - Items will not be added
2025-11-30 15:24:52,111 - Recording STARTED - Items will be added to order
2025-11-30 15:24:54,070 - Recording STOPPED - Items will not be added
2025-11-30 15:28:38,121 - Recording STARTED - Items will be added to order
2025-11-30 15:28:41,032 - Recording STOPPED - Items will not be added
2025-11-30 15:28:43,513 - Recording STARTED - Items will be added to order
2025-11-30 15:28:44,820 - Detected: double-black | Confidence: 75.73%
2025-11-30 15:28:48,921 - Detected: double-black | Confidence: 73.43%
2025-11-30 15:28:52,599 - Recording STOPPED - Items will not be added
2025-11-30 15:28:55,143 - Recording STARTED - Items will be added to order
2025-11-30 15:29:07,022 - Detected: double-black | Confidence: 70.12%
2025-11-30 15:29:17,793 - Detected: double-black | Confidence: 71.96%
2025-11-30 15:29:23,868 - Recording STOPPED - Items will not be added
2025-11-30 15:29:26,343 - Recording STARTED - Items will be added to order
2025-11-30 15:29:28,504 - Recording STOPPED - Items will not be added
2025-11-30 15:29:30,532 - Recording STARTED - Items will be added to order
2025-11-30 15:29:32,564 - Recording STOPPED - Items will not be added
2025-11-30 15:59:08,022 - CUDA available: True
2025-11-30 15:59:08,024 - GPU device: NVIDIA GeForce RTX 3060
2025-11-30 15:59:08,025 - CUDA version: 12.1
2025-11-30 15:59:08,224 - YOLO model loaded on GPU
2025-11-30 16:00:37,658 - Recording STARTED - Items will be added to order
2025-11-30 16:00:39,603 - Recording STOPPED - Items will not be added
2025-11-30 16:13:56,057 - Recording STARTED - Items will be added to order
2025-11-30 16:13:58,199 - Recording STOPPED - Items will not be added
2025-11-30 16:15:09,603 - Recording STARTED - Items will be added to order
2025-11-30 16:15:21,862 - Detected: double-black | Confidence: 70.16%
2025-11-30 16:15:36,477 - Detected: double-black | Confidence: 70.61%
2025-11-30 16:15:56,282 - Recording STOPPED - Items will not be added
2025-12-06 07:37:33,787 - CUDA available: True
2025-12-06 07:37:33,791 - GPU device: NVIDIA GeForce RTX 3060
2025-12-06 07:37:33,791 - CUDA version: 12.1
2025-12-06 07:37:33,979 - YOLO model loaded on GPU
2025-12-06 07:39:21,944 - Recording STARTED - Items will be added to order
2025-12-06 07:39:58,971 - Detected: Nivea-Deodorant | Confidence: 78.95%
2025-12-06 07:40:04,306 - Detected: Nestle-Chuckie | Confidence: 79.28%
2025-12-06 07:40:12,281 - Detected: double-black | Confidence: 79.21%
2025-12-06 07:40:14,442 - Detected: double-black | Confidence: 93.06%
2025-12-06 07:40:19,580 - Detected: double-black | Confidence: 81.66%
2025-12-06 07:40:21,146 - Detected: Selecta-Cornetto | Confidence: 87.73%
2025-12-06 07:40:25,143 - Detected: Maya-Champorado | Confidence: 71.78%
2025-12-06 07:40:27,442 - Detected: Maya-Champorado | Confidence: 71.60%
2025-12-06 07:40:36,091 - Detected: double-black | Confidence: 75.12%
2025-12-06 07:40:50,384 - Detected: HS-Shampoo | Confidence: 78.59%
2025-12-06 07:40:52,611 - Recording STOPPED - Items will not be added
2025-12-06 07:41:11,561 - Recording STARTED - Items will be added to order
2025-12-06 07:41:14,999 - Recording STOPPED - Items will not be added
2025-12-06 07:41:17,913 - Recording STARTED - Items will be added to order
2025-12-06 07:41:22,053 - Recording STOPPED - Items will not be added
2025-12-06 07:41:27,583 - Recording STARTED - Items will be added to order
2025-12-06 07:41:28,922 - Recording STOPPED - Items will not be added
2025-12-06 07:41:33,311 - Recording STARTED - Items will be added to order
2025-12-06 07:41:34,939 - Recording STOPPED - Items will not be added
2025-12-06 07:41:35,320 - Recording STARTED - Items will be added to order
2025-12-06 07:41:36,006 - Recording STOPPED - Items will not be added
2025-12-06 07:41:36,481 - Recording STARTED - Items will be added to order
2025-12-06 07:41:36,910 - Recording STOPPED - Items will not be added
2025-12-06 07:41:37,211 - Recording STARTED - Items will be added to order
2025-12-06 07:41:38,979 - Recording STOPPED - Items will not be added
2025-12-06 07:41:41,747 - Recording STARTED - Items will be added to order
2025-12-06 07:41:43,670 - Detected: double-black | Confidence: 71.99%
2025-12-06 07:41:53,315 - Detected: Nivea-Deodorant | Confidence: 74.40%
2025-12-06 07:42:22,829 - Detected: Selecta-Cornetto | Confidence: 80.97%
2025-12-06 07:42:53,190 - Detected: Nivea-Deodorant | Confidence: 72.66%
2025-12-06 07:42:57,232 - Detected: Nivea-Deodorant | Confidence: 70.29%
2025-12-06 07:43:00,041 - Detected: Selecta-Cornetto | Confidence: 76.16%
2025-12-06 07:43:04,468 - Detected: almond_milk | Confidence: 81.78%
2025-12-06 07:43:04,774 - Detected: UFC-Canned-Mushroom | Confidence: 93.70%
2025-12-06 07:43:06,970 - Detected: UFC-Canned-Mushroom | Confidence: 93.94%
2025-12-06 07:43:07,627 - Detected: double-black | Confidence: 76.03%
2025-12-06 07:43:52,332 - Detected: double-black | Confidence: 70.89%
2025-12-06 07:45:18,235 - CUDA available: True
2025-12-06 07:45:18,238 - GPU device: NVIDIA GeForce RTX 3060
2025-12-06 07:45:18,238 - CUDA version: 12.1
2025-12-06 07:45:18,382 - YOLO model loaded on GPU
2025-12-06 07:46:59,892 - Recording STARTED - Items will be added to order
2025-12-06 07:47:01,673 - Detected: Selecta-Cornetto | Confidence: 74.47%
2025-12-06 07:47:03,343 - Detected: UFC-Canned-Mushroom | Confidence: 88.22%
2025-12-06 07:47:09,042 - Detected: UFC-Canned-Mushroom | Confidence: 94.79%
2025-12-06 07:47:09,349 - Detected: meadows-truffle | Confidence: 76.91%
2025-12-06 07:47:12,854 - Detected: double-black | Confidence: 70.03%
2025-12-06 07:47:42,735 - Detected: double-black | Confidence: 71.78%
2025-12-06 07:50:05,605 - CUDA available: True
2025-12-06 07:50:05,607 - GPU device: NVIDIA GeForce RTX 3060
2025-12-06 07:50:05,607 - CUDA version: 12.1
2025-12-06 07:50:05,747 - YOLO model loaded on GPU
2025-12-06 07:51:04,332 - Recording STARTED - Items will be added to order
2025-12-06 07:51:10,560 - Detected: UFC-Canned-Mushroom | Confidence: 94.68%
2025-12-06 07:51:25,011 - Recording STOPPED - Items will not be added
2025-12-06 07:52:13,009 - Recording STARTED - Items will be added to order
2025-12-06 07:52:18,300 - Recording STOPPED - Items will not be added
2025-12-06 07:52:24,942 - Recording STARTED - Items will be added to order
2025-12-06 07:52:26,244 - Recording STOPPED - Items will not be added
2025-12-06 07:53:07,766 - CUDA available: True
2025-12-06 07:53:07,768 - GPU device: NVIDIA GeForce RTX 3060
2025-12-06 07:53:07,768 - CUDA version: 12.1
2025-12-06 07:53:07,900 - YOLO model loaded on GPU
2025-12-06 07:54:15,211 - Recording STARTED - Items will be added to order
2025-12-06 07:54:19,742 - Recording STOPPED - Items will not be added
2025-12-06 07:54:21,650 - Recording STARTED - Items will be added to order
2025-12-06 07:54:22,969 - Recording STOPPED - Items will not be added
2025-12-06 07:54:24,290 - Recording STARTED - Items will be added to order
2025-12-06 07:54:25,487 - Recording STOPPED - Items will not be added
2025-12-06 07:54:26,507 - Recording STARTED - Items will be added to order
2025-12-06 07:54:29,902 - Recording STOPPED - Items will not be added
2025-12-06 07:54:31,437 - Recording STARTED - Items will be added to order
2025-12-06 07:54:48,520 - Detected: UFC-Canned-Mushroom | Confidence: 95.76%
2025-12-06 07:54:53,598 - Detected: UFC-Canned-Mushroom | Confidence: 91.25%
2025-12-06 07:54:59,390 - Detected: UFC-Canned-Mushroom | Confidence: 94.09%
2025-12-06 07:57:08,747 - CUDA available: True
2025-12-06 07:57:08,749 - GPU device: NVIDIA GeForce RTX 3060
2025-12-06 07:57:08,749 - CUDA version: 12.1
2025-12-06 07:57:08,911 - YOLO model loaded on GPU
2025-12-06 08:19:42,135 - CUDA available: True
2025-12-06 08:19:42,137 - GPU device: NVIDIA GeForce RTX 3060
2025-12-06 08:19:42,137 - CUDA version: 12.1
2025-12-06 08:19:42,294 - YOLO model loaded on GPU
2025-12-06 08:36:57,369 - Recording STARTED - Items will be added to order
2025-12-06 08:37:01,509 - Detected: UFC-Canned-Mushroom | Confidence: 93.57% | Price: 35
2025-12-06 08:37:03,591 - Detected: UFC-Canned-Mushroom | Confidence: 93.41% | Price: 35
2025-12-06 08:37:36,457 - Recording STOPPED - Items will not be added
2025-12-06 08:37:48,005 - Recording STARTED - Items will be added to order
2025-12-06 08:37:49,892 - Detected: UFC-Canned-Mushroom | Confidence: 95.26% | Price: 35
2025-12-06 08:37:52,060 - Detected: UFC-Canned-Mushroom | Confidence: 93.98% | Price: 35
2025-12-06 08:37:54,063 - Detected: UFC-Canned-Mushroom | Confidence: 92.82% | Price: 35
2025-12-06 08:40:58,107 - Detected: UFC-Canned-Mushroom | Confidence: 92.57% | Price: 35
2025-12-06 08:41:15,079 - CUDA available: True
2025-12-06 08:41:15,082 - GPU device: NVIDIA GeForce RTX 3060
2025-12-06 08:41:15,082 - CUDA version: 12.1
2025-12-06 08:41:15,246 - YOLO model loaded on GPU
2025-12-06 08:42:16,027 - Recording STARTED - Items will be added to order
2025-12-06 08:42:31,765 - Detected: UFC-Canned-Mushroom | Confidence: 92.25% | Price: 35
2025-12-06 08:42:33,774 - Detected: UFC-Canned-Mushroom | Confidence: 90.16% | Price: 35
2025-12-06 08:42:40,532 - Detected: UFC-Canned-Mushroom | Confidence: 94.22% | Price: 35
2025-12-06 08:43:14,596 - Detected: UFC-Canned-Mushroom | Confidence: 93.79% | Price: 35
2025-12-06 08:44:50,487 - CUDA available: True
2025-12-06 08:44:50,489 - GPU device: NVIDIA GeForce RTX 3060
2025-12-06 08:44:50,490 - CUDA version: 12.1
2025-12-06 08:44:50,643 - YOLO model loaded on GPU
2025-12-06 08:46:01,671 - Recording STARTED - Items will be added to order
2025-12-06 08:46:03,700 - Detected: UFC-Canned-Mushroom | Confidence: 92.43% | Price: 35
2025-12-06 09:12:34,088 - Detected: double-black | Confidence: 90.16% | Price: 1000
2025-12-06 09:13:02,327 - CUDA available: True
2025-12-06 09:13:02,330 - GPU device: NVIDIA GeForce RTX 3060
2025-12-06 09:13:02,330 - CUDA version: 12.1
2025-12-06 09:13:02,491 - YOLO model loaded on GPU
2025-12-06 09:13:59,696 - Recording STARTED - Items will be added to order
2025-12-06 09:14:02,428 - Recording STOPPED - Items will not be added
2025-12-06 09:14:10,006 - Recording STARTED - Items will be added to order
2025-12-06 09:14:11,106 - Recording STOPPED - Items will not be added
2025-12-06 09:14:11,649 - Recording STARTED - Items will be added to order
2025-12-06 09:14:12,253 - Recording STOPPED - Items will not be added
2025-12-06 09:14:12,558 - Recording STARTED - Items will be added to order
2025-12-06 09:14:12,982 - Recording STOPPED - Items will not be added
2025-12-06 09:14:43,509 - Recording STARTED - Items will be added to order
2025-12-06 09:14:55,634 - CUDA available: True
2025-12-06 09:14:55,636 - GPU device: NVIDIA GeForce RTX 3060
2025-12-06 09:14:55,636 - CUDA version: 12.1
2025-12-06 09:14:55,795 - YOLO model loaded on GPU
2025-12-06 09:15:44,144 - Recording STARTED - Items will be added to order
2025-12-06 09:15:47,063 - Recording STOPPED - Items will not be added
2025-12-06 09:15:58,814 - Recording STARTED - Items will be added to order
2025-12-06 09:16:02,510 - Detected: UFC-Canned-Mushroom | Confidence: 93.11% | Price: 35
2025-12-07 09:27:38,313 - CUDA available: True
2025-12-07 09:27:38,320 - GPU device: NVIDIA GeForce RTX 3060
2025-12-07 09:27:38,321 - CUDA version: 12.1
2025-12-07 09:27:38,565 - YOLO model loaded on GPU
2025-12-07 09:28:43,216 - Recording STARTED - Items will be added to order
2025-12-07 09:29:01,594 - Detected: person | Confidence: 90.22% | Price: 0
2025-12-07 09:29:04,014 - Detected: person | Confidence: 90.29% | Price: 0
2025-12-07 09:29:06,769 - Detected: person | Confidence: 90.12% | Price: 0
2025-12-07 09:29:09,148 - Detected: person | Confidence: 90.27% | Price: 0
2025-12-07 09:29:11,282 - Detected: person | Confidence: 90.30% | Price: 0
2025-12-07 09:29:17,455 - Detected: person | Confidence: 92.06% | Price: 0
2025-12-07 09:29:20,801 - Detected: person | Confidence: 90.07% | Price: 0
2025-12-07 09:30:01,388 - Detected: person | Confidence: 90.01% | Price: 0
2025-12-07 09:30:03,621 - Detected: person | Confidence: 90.54% | Price: 0
2025-12-07 09:30:06,088 - Detected: person | Confidence: 90.68% | Price: 0
2025-12-07 09:30:08,122 - Detected: person | Confidence: 91.61% | Price: 0
2025-12-07 09:30:10,508 - Detected: person | Confidence: 90.53% | Price: 0
2025-12-07 09:30:12,824 - Detected: person | Confidence: 90.89% | Price: 0
2025-12-07 09:30:16,552 - Detected: person | Confidence: 90.71% | Price: 0
2025-12-07 09:30:18,566 - Detected: person | Confidence: 90.59% | Price: 0
2025-12-07 09:30:20,723 - Detected: person | Confidence: 91.26% | Price: 0
2025-12-07 09:30:22,850 - Detected: person | Confidence: 90.11% | Price: 0
2025-12-07 09:30:25,385 - Detected: person | Confidence: 90.17% | Price: 0
2025-12-07 09:30:28,172 - Detected: person | Confidence: 90.39% | Price: 0
2025-12-07 09:30:33,419 - Detected: person | Confidence: 90.66% | Price: 0
2025-12-07 09:30:54,476 - Detected: person | Confidence: 90.22% | Price: 0
2025-12-07 09:30:56,930 - Detected: person | Confidence: 90.59% | Price: 0
2025-12-07 09:30:59,105 - Detected: person | Confidence: 90.29% | Price: 0
2025-12-07 09:31:18,801 - Detected: person | Confidence: 90.39% | Price: 0
2025-12-07 09:32:18,934 - CUDA available: True
2025-12-07 09:32:18,937 - GPU device: NVIDIA GeForce RTX 3060
2025-12-07 09:32:18,937 - CUDA version: 12.1
2025-12-07 09:32:19,128 - YOLO model loaded on GPU
2025-12-07 09:33:18,175 - Recording STARTED - Items will be added to order
2025-12-07 09:33:18,387 - Detected: Bactidol | Confidence: 90.36% | Price: 85
2025-12-07 09:33:21,290 - Detected: Bactidol | Confidence: 90.73% | Price: 85
2025-12-07 09:33:23,558 - Detected: Bactidol | Confidence: 91.42% | Price: 85
2025-12-07 09:33:25,870 - Detected: Bactidol | Confidence: 91.17% | Price: 85
2025-12-07 09:33:40,553 - Detected: Bactidol | Confidence: 91.59% | Price: 85
2025-12-07 09:33:42,695 - Detected: Bactidol | Confidence: 91.45% | Price: 85
2025-12-07 09:33:44,971 - Detected: Bactidol | Confidence: 91.67% | Price: 85
2025-12-07 09:33:47,149 - Detected: Bactidol | Confidence: 90.94% | Price: 85
2025-12-07 09:33:50,270 - Detected: Bactidol | Confidence: 90.86% | Price: 85
2025-12-07 09:33:52,277 - Detected: Bactidol | Confidence: 90.19% | Price: 85
2025-12-07 09:34:05,350 - Detected: coffee_nescafe | Confidence: 92.54% | Price: 10
2025-12-07 09:34:10,548 - Detected: coffee_kopiko | Confidence: 90.10% | Price: 10
2025-12-07 09:34:13,515 - Recording STOPPED - Items will not be added
2025-12-07 09:34:16,397 - Recording STARTED - Items will be added to order
2025-12-07 09:34:36,158 - Detected: Libbys-Vienna-Sausage-can | Confidence: 91.20% | Price: 23
2025-12-07 09:34:38,902 - Detected: Libbys-Vienna-Sausage-can | Confidence: 90.58% | Price: 23
2025-12-07 09:34:41,548 - Detected: Libbys-Vienna-Sausage-can | Confidence: 92.59% | Price: 23
2025-12-07 09:36:11,538 - CUDA available: True
2025-12-07 09:36:11,541 - GPU device: NVIDIA GeForce RTX 3060
2025-12-07 09:36:11,541 - CUDA version: 12.1
2025-12-07 09:36:11,724 - YOLO model loaded on GPU
2025-12-07 09:37:18,359 - Recording STARTED - Items will be added to order
2025-12-07 09:37:43,179 - Recording STOPPED - Items will not be added
2025-12-07 09:37:44,968 - Recording STARTED - Items will be added to order
2025-12-07 09:37:49,378 - Detected: Libbys-Vienna-Sausage-can | Confidence: 90.23% | Price: 23
2025-12-07 09:37:54,402 - Detected: Libbys-Vienna-Sausage-can | Confidence: 90.68% | Price: 23
2025-12-07 09:37:54,754 - Detected: Nivea-Deodorant | Confidence: 90.49% | Price: 100
2025-12-07 09:37:59,099 - Detected: HS-Shampoo | Confidence: 91.17% | Price: 0
2025-12-07 09:38:04,501 - Detected: HS-Shampoo | Confidence: 90.15% | Price: 0
2025-12-07 09:41:47,925 - CUDA available: True
2025-12-07 09:41:47,927 - GPU device: NVIDIA GeForce RTX 3060
2025-12-07 09:41:47,928 - CUDA version: 12.1
2025-12-07 09:41:48,167 - YOLO model loaded on GPU
2025-12-07 09:42:42,783 - Recording STARTED - Items will be added to order
2025-12-07 09:42:49,703 - Detected: irish-spring-soap | Confidence: 89.53% | Price: 40
2025-12-07 09:43:01,806 - Detected: Bactidol | Confidence: 89.66% | Price: 85
2025-12-07 09:43:08,265 - Detected: VCut-Spicy-Barbeque | Confidence: 91.56% | Price: 20
2025-12-07 09:43:15,167 - Detected: Lucky-Me-Pancit-Canton | Confidence: 87.84% | Price: 0
2025-12-07 09:43:28,096 - Detected: Libbys-Vienna-Sausage-can | Confidence: 90.21% | Price: 23
2025-12-07 09:43:31,319 - Detected: UFC-Canned-Mushroom | Confidence: 87.35% | Price: 35
2025-12-07 09:43:33,238 - Detected: Century-Tuna | Confidence: 92.64% | Price: 38
2025-12-07 09:44:08,017 - Detected: Femme-Bathroom-Tissue | Confidence: 85.81% | Price: 20
2025-12-07 09:44:35,126 - Detected: double-black | Confidence: 85.46% | Price: 1000
2025-12-07 14:45:49,067 - CUDA available: True
2025-12-07 14:45:49,072 - GPU device: NVIDIA GeForce RTX 3060
2025-12-07 14:45:49,073 - CUDA version: 12.1
2025-12-07 14:45:49,400 - YOLO model loaded on GPU
2025-12-07 14:46:43,560 - Recording STARTED - Items will be added to order
2025-12-07 14:46:52,012 - Detected: irish-spring-soap | Confidence: 85.90% | Price: 40
2025-12-07 14:46:58,304 - Detected: Nestle-Chuckie | Confidence: 88.53% | Price: 0
2025-12-07 14:47:02,196 - Detected: double-black | Confidence: 87.60% | Price: 1000
2025-12-07 14:47:08,945 - Detected: VCut-Spicy-Barbeque | Confidence: 85.70% | Price: 20
2025-12-07 14:47:12,693 - Detected: Femme-Bathroom-Tissue | Confidence: 90.21% | Price: 20
2025-12-07 14:47:21,137 - Detected: Lucky-Me-Pancit-Canton | Confidence: 88.50% | Price: 0
2025-12-07 14:47:24,911 - Detected: Stik-O | Confidence: 87.91% | Price: 12
2025-12-07 14:47:28,277 - Detected: NongshimCupNoodles | Confidence: 91.02% | Price: 50
2025-12-07 14:47:57,528 - Detected: c2_na_green | Confidence: 88.74% | Price: 20
2025-12-07 14:48:00,244 - Detected: Delight-Probiotic-Drink | Confidence: 88.52% | Price: 12
2025-12-07 14:48:14,119 - Detected: Maya-Champorado | Confidence: 85.36% | Price: 0
2025-12-07 14:48:45,162 - Detected: Smart-C | Confidence: 87.65% | Price: 22
2025-12-07 14:48:50,949 - Detected: UFC-Canned-Mushroom | Confidence: 92.74% | Price: 35
2025-12-07 14:48:59,430 - Detected: Century-Tuna | Confidence: 88.68% | Price: 38
2025-12-07 14:49:35,723 - Detected: Bactidol | Confidence: 85.87% | Price: 85
2025-12-07 14:50:15,328 - Detected: coffee_kopiko | Confidence: 89.05% | Price: 10
2025-12-07 14:50:23,628 - Detected: coffee_nescafe | Confidence: 85.06% | Price: 10
2025-12-07 14:50:41,303 - Detected: Nivea-Deodorant | Confidence: 85.33% | Price: 100
2025-12-07 14:50:52,412 - Detected: meadows-truffle | Confidence: 89.65% | Price: 0
2025-12-07 14:51:03,596 - Detected: Libbys-Vienna-Sausage-can | Confidence: 87.81% | Price: 23
2025-12-07 14:51:29,304 - Recording STOPPED - Items will not be added
2025-12-07 14:51:44,785 - Recording STARTED - Items will be added to order
2025-12-07 14:51:45,110 - Recording STOPPED - Items will not be added
2025-12-07 14:52:17,211 - Recording STARTED - Items will be added to order
2025-12-07 14:52:27,004 - Detected: Pineapple-juice-can | Confidence: 87.73% | Price: 0
2025-12-07 14:52:36,664 - Recording STOPPED - Items will not be added
2025-12-07 14:52:38,288 - Recording STARTED - Items will be added to order
2025-12-07 14:52:40,267 - Recording STOPPED - Items will not be added
2025-12-07 14:52:42,121 - Recording STARTED - Items will be added to order
2025-12-07 14:52:52,541 - CUDA available: True
2025-12-07 14:52:52,543 - GPU device: NVIDIA GeForce RTX 3060
2025-12-07 14:52:52,543 - CUDA version: 12.1
2025-12-07 14:52:52,669 - YOLO model loaded on GPU
2025-12-07 14:53:33,350 - Recording STARTED - Items will be added to order
2025-12-07 14:53:39,317 - Recording STOPPED - Items will not be added
2025-12-07 14:53:48,522 - Recording STARTED - Items will be added to order
2025-12-07 14:53:59,463 - Detected: Lucky-Me-Pancit-Canton | Confidence: 86.58% | Price: 0
2025-12-07 14:54:34,058 - Detected: Alaska-Milk | Confidence: 86.96% | Price: 0
2025-12-07 14:54:53,243 - Detected: Summit-Drinking-Water | Confidence: 87.19% | Price: 15
2025-12-07 14:55:07,586 - Detected: Coke-in-can | Confidence: 88.14% | Price: 30
2025-12-07 14:55:31,103 - Detected: Piknik | Confidence: 86.40% | Price: 25
2025-12-07 14:55:55,819 - Recording STOPPED - Items will not be added
